<?xml version="1.0" encoding="UTF-8"?>
<!-- Generated by org.testng.reporters.JUnitReportReporter -->
<testsuite hostname="DESKTOP-KQUFIDC" name="Test.CreateAccountTest" tests="1" failures="0" timestamp="8 Feb 2021 00:25:11 GMT" time="13.992" errors="0">
  <testcase name="SignUpTest" time="13.992" classname="Test.CreateAccountTest"/>
</testsuite> <!-- Test.CreateAccountTest -->
