<?xml version="1.0" encoding="UTF-8"?>
<!-- Generated by org.testng.reporters.JUnitReportReporter -->
<testsuite hostname="DESKTOP-KQUFIDC" name="Test.HomePageTest" tests="1" failures="0" timestamp="8 Feb 2021 00:25:11 GMT" time="9.812" errors="0">
  <testcase name="AddToCartTest" time="9.812" classname="Test.HomePageTest"/>
</testsuite> <!-- Test.HomePageTest -->
